<?xml version="1.0" encoding="UTF-8"?>
<testsuite name="ru.mail.polis.homework.io.SerializerTest" tests="4" skipped="0" failures="0" errors="0" timestamp="2020-11-04T13:08:42" hostname="MacBook-Pro-Stepan.local" time="0.311">
  <properties/>
  <testcase name="serializeWithMethodsTest" classname="ru.mail.polis.homework.io.SerializerTest" time="0.141"/>
  <testcase name="serializeWithExternalizableTest" classname="ru.mail.polis.homework.io.SerializerTest" time="0.083"/>
  <testcase name="defaultSerializeTest" classname="ru.mail.polis.homework.io.SerializerTest" time="0.041"/>
  <testcase name="customSerializeTest" classname="ru.mail.polis.homework.io.SerializerTest" time="0.042"/>
  <system-out><![CDATA[Serialize With Methods Test
Animal amount: 200
File size in bytes:  20762
Time in millis: 133

Serialize With Externalizable Test
Animal amount: 200
File size in bytes:  23378
Time in millis: 59

Default Serialize Test
Animal amount: 200
File size in bytes:  19951
Time in millis: 38

Custom Serialize Test
Animal amount: 200
File size in bytes:  25443
Time in millis: 40

]]></system-out>
  <system-err><![CDATA[]]></system-err>
</testsuite>
