<?xml version="1.0" encoding="UTF-8"?>
<testsuite name="ru.mail.polis.homework.io.SerializerTest" tests="4" skipped="0" failures="0" errors="0" timestamp="2020-11-04T12:45:43" hostname="MacBook-Pro-Stepan.local" time="0.162">
  <properties/>
  <testcase name="serializeWithMethodsTest" classname="ru.mail.polis.homework.io.SerializerTest" time="0.078"/>
  <testcase name="serializeWithExternalizableTest" classname="ru.mail.polis.homework.io.SerializerTest" time="0.033"/>
  <testcase name="defaultSerializeTest" classname="ru.mail.polis.homework.io.SerializerTest" time="0.027"/>
  <testcase name="customSerializeTest" classname="ru.mail.polis.homework.io.SerializerTest" time="0.022"/>
  <system-out><![CDATA[]]></system-out>
  <system-err><![CDATA[]]></system-err>
</testsuite>
