<?xml version="1.0" encoding="UTF-8"?>
<testsuite name="ru.mail.polis.homework.collections.streams.WordFrequencyTest" tests="1" skipped="0" failures="0" errors="0" timestamp="2020-10-28T11:24:45" hostname="MacBook-Pro-Stepan.local" time="0.027">
  <properties/>
  <testcase name="standard" classname="ru.mail.polis.homework.collections.streams.WordFrequencyTest" time="0.027"/>
  <system-out><![CDATA[blandit=1
lacinia=1
massa=1
=1
efficitur=1
tempor=2
laoreet=1
vestibulum=1
suscipit=1
adipiscing=2
odio=1
purus=1
integer=1
non=1
nec=1
nunc=1
dolor=2
lorem=3
sed=1
donec=1
mauris=1
metus=1
imperdiet=1
vehicula=1
vel=2
mi=2
sit=2
ac=1
morbi=1
sodales=1
quam=1
velit=1
tincidunt=1
dignissim=1
auctor=1
at=1
amet=2
sapien=1
ipsum=3
elit=2
eget=2
consectetur=3
faucibus=3
]]></system-out>
  <system-err><![CDATA[]]></system-err>
</testsuite>
