<?xml version="1.0" encoding="UTF-8"?>
<testsuite name="ru.mail.polis.homework.collections.streams.WordFrequencyTest" tests="3" skipped="0" failures="0" errors="0" timestamp="2020-10-31T13:42:04" hostname="MacBook-Pro-Stepan.local" time="0.02">
  <properties/>
  <testcase name="simple" classname="ru.mail.polis.homework.collections.streams.WordFrequencyTest" time="0.015"/>
  <testcase name="Oops" classname="ru.mail.polis.homework.collections.streams.WordFrequencyTest" time="0.0"/>
  <testcase name="standard" classname="ru.mail.polis.homework.collections.streams.WordFrequencyTest" time="0.003"/>
  <system-out><![CDATA[]]></system-out>
  <system-err><![CDATA[]]></system-err>
</testsuite>
