<?xml version="1.0" encoding="UTF-8"?>
<testsuite name="ru.mail.polis.homework.files.DirectoriesTest" tests="1" skipped="0" failures="0" errors="0" timestamp="2019-12-23T09:24:44" hostname="DESKTOP-RSJRT0N" time="0.029">
  <properties/>
  <testcase name="pathsHard" classname="ru.mail.polis.homework.files.DirectoriesTest" time="0.029"/>
  <system-out><![CDATA[]]></system-out>
  <system-err><![CDATA[]]></system-err>
</testsuite>
