<?xml version="1.0" encoding="UTF-8"?>
<testsuite name="ru.mail.polis.homework.io.SerializerTest" tests="4" skipped="0" failures="0" errors="0" timestamp="2020-11-07T14:25:37" hostname="MacBook-Pro-Stepan.local" time="0.95">
  <properties/>
  <testcase name="serializeWithMethodsTest" classname="ru.mail.polis.homework.io.SerializerTest" time="0.442"/>
  <testcase name="serializeWithExternalizableTest" classname="ru.mail.polis.homework.io.SerializerTest" time="0.239"/>
  <testcase name="defaultSerializeTest" classname="ru.mail.polis.homework.io.SerializerTest" time="0.229"/>
  <testcase name="customSerializeTest" classname="ru.mail.polis.homework.io.SerializerTest" time="0.038"/>
  <system-out><![CDATA[Serialize With Methods Test
Animal amount: 2000
File size in kb:  202
Serialization time in millis: 291
Deserialization Time in millis: 142

Serialize With Externalizable Test
Animal amount: 2000
File size in kb:  184
Serialization time in millis: 140
Deserialization Time in millis: 95

Default Serialize Test
Animal amount: 2000
File size in kb:  194
Serialization time in millis: 141
Deserialization Time in millis: 86

Custom Serialize Test
Animal amount: 2000
File size in kb:  120
Serialization time in millis: 14
Deserialization Time in millis: 19

]]></system-out>
  <system-err><![CDATA[]]></system-err>
</testsuite>
